Setup started: Sat May  2 05:52:53 PM EDT 2026
[H[2J ██████╗ ██████╗ ███╗   ██╗███████╗██╗██████╗ ███╗   ███╗
██╔════╝██╔═══██╗████╗  ██║██╔════╝██║██╔══██╗████╗ ████║
██║     ██║   ██║██╔██╗ ██║█████╗  ██║██████╔╝██╔████╔██║
██║     ██║   ██║██║╚██╗██║██╔══╝  ██║██╔══██╗██║╚██╔╝██║
╚██████╗╚██████╔╝██║ ╚████║██║     ██║██║  ██║██║ ╚═╝ ██║
 ╚═════╝ ╚═════╝ ╚═╝  ╚═══╝╚═╝     ╚═╝╚═╝  ╚═╝╚═╝     ╚═╝
[1;35m[  ??  ] This script is intended for a fresh Arch Linux install. I am not responsible for any system breakage. Proceed? [y/N] [0m 
[1;32m[  OK  ] Moving on... [0m
[H[2J██████╗  █████╗ ██████╗ ██╗   ██╗    ███████╗███████╗████████╗██╗   ██╗██████╗
██╔══██╗██╔══██╗██╔══██╗██║   ██║    ██╔════╝██╔════╝╚══██╔══╝██║   ██║██╔══██╗
██████╔╝███████║██████╔╝██║   ██║    ███████╗█████╗     ██║   ██║   ██║██████╔╝
██╔═══╝ ██╔══██║██╔══██╗██║   ██║    ╚════██║██╔══╝     ██║   ██║   ██║██╔═══╝
██║     ██║  ██║██║  ██║╚██████╔╝    ███████║███████╗   ██║   ╚██████╔╝██║
╚═╝     ╚═╝  ╚═╝╚═╝  ╚═╝ ╚═════╝     ╚══════╝╚══════╝   ╚═╝    ╚═════╝ ╚═╝
[1;32m[  OK  ] Paru is already installed. Skipping... [0m
[H[2J██████╗  █████╗  ██████╗██╗  ██╗ █████╗  ██████╗ ███████╗    ██╗███╗   ██╗███████╗████████╗ █████╗ ██╗     ██╗
██╔══██╗██╔══██╗██╔════╝██║ ██╔╝██╔══██╗██╔════╝ ██╔════╝    ██║████╗  ██║██╔════╝╚══██╔══╝██╔══██╗██║     ██║
██████╔╝███████║██║     █████╔╝ ███████║██║  ███╗█████╗      ██║██╔██╗ ██║███████╗   ██║   ███████║██║     ██║
██╔═══╝ ██╔══██║██║     ██╔═██╗ ██╔══██║██║   ██║██╔══╝      ██║██║╚██╗██║╚════██║   ██║   ██╔══██║██║     ██║
██║     ██║  ██║╚██████╗██║  ██╗██║  ██║╚██████╔╝███████╗    ██║██║ ╚████║███████║   ██║   ██║  ██║███████╗███████╗
╚═╝     ╚═╝  ╚═╝ ╚═════╝╚═╝  ╚═╝╚═╝  ╚═╝ ╚═════╝ ╚══════╝    ╚═╝╚═╝  ╚═══╝╚══════╝   ╚═╝   ╚═╝  ╚═╝╚══════╝╚══════╝
[1;32m[  OK  ] No packages to install. [0m
[H[2J██████╗  ██████╗ ████████╗███████╗██╗██╗     ███████╗    ██╗███╗   ██╗███████╗████████╗ █████╗ ██╗     ██╗
██╔══██╗██╔═══██╗╚══██╔══╝██╔════╝██║██║     ██╔════╝    ██║████╗  ██║██╔════╝╚══██╔══╝██╔══██╗██║     ██║
██║  ██║██║   ██║   ██║   █████╗  ██║██║     █████╗      ██║██╔██╗ ██║███████╗   ██║   ███████║██║     ██║
██║  ██║██║   ██║   ██║   ██╔══╝  ██║██║     ██╔══╝      ██║██║╚██╗██║╚════██║   ██║   ██╔══██║██║     ██║
██████╔╝╚██████╔╝   ██║   ██║     ██║███████╗███████╗    ██║██║ ╚████║███████║   ██║   ██║  ██║███████╗███████╗
╚═════╝  ╚═════╝    ╚═╝   ╚═╝     ╚═╝╚══════╝╚══════╝    ╚═╝╚═╝  ╚═══╝╚══════╝   ╚═╝   ╚═╝  ╚═╝╚══════╝╚══════╝
[1;35m[  ??  ] Download extra wallpapers? [y/N] [0m 
[1;34m[  ..  ] Skipping wallpaper download. [0m
[1;35m[  ??  ] Copy dotfiles to your directories? [Y/n] [0m 
[1;33m[  !!  ] Skipping dotfile copy. Your configuration will not work. [0m
[H[2J███████╗███████╗██████╗ ██╗   ██╗██╗ ██████╗███████╗███████╗
██╔════╝██╔════╝██╔══██╗██║   ██║██║██╔════╝██╔════╝██╔════╝
███████╗█████╗  ██████╔╝██║   ██║██║██║     █████╗  ███████╗
╚════██║██╔══╝  ██╔══██╗╚██╗ ██╔╝██║██║     ██╔══╝  ╚════██║
███████║███████╗██║  ██║ ╚████╔╝ ██║╚██████╗███████╗███████║
╚══════╝╚══════╝╚═╝  ╚═╝  ╚═══╝  ╚═╝ ╚═════╝╚══════╝╚══════╝
[1;35m[  ??  ] Start services and configure environment? [Y/n] [0m 
[1;33m[  !!  ] Configuration skipped. [0m
[H[2J███████╗██╗  ██╗██╗██████╗     ███╗   ███╗███████╗
██╔════╝██║ ██╔╝██║██╔══██╗    ████╗ ████║██╔════╝
███████╗█████╔╝ ██║██████╔╝    ██╔████╔██║█████╗
╚════██║██╔═██╗ ██║██╔═══╝     ██║╚██╔╝██║██╔══╝
███████║██║  ██╗██║██║         ██║ ╚═╝ ██║███████╗
╚══════╝╚═╝  ╚═╝╚═╝╚═╝         ╚═╝     ╚═╝╚══════╝
[1;34m[  ..  ] The following optional packages are missing: [0m
kid3
[1;33m[  !!  ] !DO NOT ACCEPT! These changes are for me. Please know what you are doing [y/N] [0m
[1;32m[  OK  ] Skipping optional tweaks and packages. [0m
[H[2J██████╗  ██████╗ ███╗   ██╗███████╗██╗
██╔══██╗██╔═══██╗████╗  ██║██╔════╝██║
██║  ██║██║   ██║██╔██╗ ██║█████╗  ██║
██║  ██║██║   ██║██║╚██╗██║██╔══╝  ╚═╝
██████╔╝╚██████╔╝██║ ╚████║███████╗██╗
╚═════╝  ╚═════╝ ╚═╝  ╚═══╝╚══════╝╚═╝
[1;35m[  ??  ] Would you like to reboot now? [Y/n] [0m 
[1;32m[  OK  ] Setup complete! I recommend you reboot before using your new system. [0m
